20/02/2019 23:47:19 [INFO /main]: AbstractTestContextBootstrapper(308): Neither @ContextConfiguration nor @ContextHierarchy found for test class [edu.netcracker.backend.controller.CarrierRESTTest], using SpringBootContextLoader
20/02/2019 23:47:19 [INFO /main]: AbstractContextLoader(264): Could not detect default resource locations for test class [edu.netcracker.backend.controller.CarrierRESTTest]: no resource found for suffixes {-context.xml, Context.groovy}.
20/02/2019 23:47:19 [INFO /main]: AbstractTestContextBootstrapper(248): Loaded default TestExecutionListener class names from location [META-INF/spring.factories]: [org.springframework.security.test.context.support.WithSecurityContextTestExecutionListener, org.springframework.security.test.context.support.ReactorContextTestExecutionListener, org.springframework.test.context.web.ServletTestExecutionListener, org.springframework.test.context.support.DirtiesContextBeforeModesTestExecutionListener, org.springframework.test.context.support.DependencyInjectionTestExecutionListener, org.springframework.test.context.support.DirtiesContextTestExecutionListener, org.springframework.test.context.transaction.TransactionalTestExecutionListener, org.springframework.test.context.jdbc.SqlScriptsTestExecutionListener, org.springframework.boot.test.mock.mockito.MockitoTestExecutionListener, org.springframework.boot.test.mock.mockito.ResetMocksTestExecutionListener, org.springframework.boot.test.autoconfigure.restdocs.RestDocsTestExecutionListener, org.springframework.boot.test.autoconfigure.web.client.MockRestServiceServerResetTestExecutionListener, org.springframework.boot.test.autoconfigure.web.servlet.MockMvcPrintOnlyOnFailureTestExecutionListener, org.springframework.boot.test.autoconfigure.web.servlet.WebDriverTestExecutionListener]
20/02/2019 23:47:19 [INFO /main]: AbstractTestContextBootstrapper(177): Using TestExecutionListeners: [org.springframework.test.context.web.ServletTestExecutionListener@7caa550, org.springframework.test.context.support.DirtiesContextBeforeModesTestExecutionListener@21694e53, org.springframework.boot.test.mock.mockito.MockitoTestExecutionListener@72b16078, org.springframework.boot.test.autoconfigure.SpringBootDependencyInjectionTestExecutionListener@22c86919, org.springframework.test.context.support.DirtiesContextTestExecutionListener@70fab835, org.springframework.test.context.transaction.TransactionalTestExecutionListener@1b0a7baf, org.springframework.test.context.jdbc.SqlScriptsTestExecutionListener@62417a16, org.springframework.security.test.context.support.WithSecurityContextTestExecutionListener@32057e6, org.springframework.security.test.context.support.ReactorContextTestExecutionListener@26be6ca7, org.springframework.boot.test.mock.mockito.ResetMocksTestExecutionListener@6ea1bcdc, org.springframework.boot.test.autoconfigure.restdocs.RestDocsTestExecutionListener@759fad4, org.springframework.boot.test.autoconfigure.web.client.MockRestServiceServerResetTestExecutionListener@64712be, org.springframework.boot.test.autoconfigure.web.servlet.MockMvcPrintOnlyOnFailureTestExecutionListener@53499d85, org.springframework.boot.test.autoconfigure.web.servlet.WebDriverTestExecutionListener@30ed9c6c]
20/02/2019 23:47:20 [INFO /main]: StartupInfoLogger(50): Starting CarrierRESTTest on DESKTOP-UM3O0CS with PID 13668 (started by Viktor in C:\Users\Viktor\Desktop\startreker-netcracker\backend)
20/02/2019 23:47:20 [INFO /main]: SpringApplication(679): The following profiles are active: test
20/02/2019 23:47:21 [INFO /main]: TestDatabaseAutoConfiguration$EmbeddedDataSourceBeanFactoryPostProcessor(106): Replacing 'dataSourceTestH2' DataSource bean with embedded version
20/02/2019 23:47:22 [INFO /main]: TomcatWebServer(90): Tomcat initialized with port(s): 0 (http)
20/02/2019 23:47:22 [INFO /main]: DirectJDKLog(173): Initializing ProtocolHandler ["http-nio-auto-1"]
20/02/2019 23:47:22 [INFO /main]: DirectJDKLog(173): Starting service [Tomcat]
20/02/2019 23:47:22 [INFO /main]: DirectJDKLog(173): Starting Servlet engine: [Apache Tomcat/9.0.14]
20/02/2019 23:47:22 [INFO /main]: DirectJDKLog(173): The APR based Apache Tomcat Native library which allows optimal performance in production environments was not found on the java.library.path: [C:\Program Files\Java\jdk-10.0.1\bin;C:\Windows\Sun\Java\bin;C:\Windows\system32;C:\Windows;C:\oraclexe\app\oracle\product\11.2.0\server\bin;;C:\Program Files (x86)\Common Files\Oracle\Java\javapath;C:\Windows\system32;C:\Windows;C:\Windows\System32\Wbem;C:\Windows\System32\WindowsPowerShell\v1.0\;C:\Windows\System32\OpenSSH\;C:\Program Files\Git\cmd;C:\Program Files\nodejs\;C:\Users\Viktor\AppData\Local\Microsoft\WindowsApps;D:\QueryHandler\target\classes\;C:\Users\Viktor\AppData\Roaming\npm;.]
20/02/2019 23:47:23 [INFO /main]: DirectJDKLog(173): Initializing Spring embedded WebApplicationContext
20/02/2019 23:47:23 [INFO /main]: ServletWebServerApplicationContext(296): Root WebApplicationContext: initialization completed in 2330 ms
20/02/2019 23:47:23 [INFO /main]: EmbeddedDatabaseFactory(189): Starting embedded database: url='jdbc:h2:mem:321915aa-1802-4dec-9463-1b0266727140;DB_CLOSE_DELAY=-1;DB_CLOSE_ON_EXIT=false', username='sa'
20/02/2019 23:47:24 [INFO /main]: DefaultSecurityFilterChain(43): Creating filter chain: any request, [org.springframework.security.web.context.request.async.WebAsyncManagerIntegrationFilter@192f5f39, org.springframework.security.web.context.SecurityContextPersistenceFilter@3dc55719, org.springframework.security.web.header.HeaderWriterFilter@3006bfb, org.springframework.security.web.authentication.logout.LogoutFilter@19a7906c, edu.netcracker.backend.security.JwtAuthFilter@1d637673, org.springframework.security.web.savedrequest.RequestCacheAwareFilter@11015ca0, org.springframework.security.web.servletapi.SecurityContextHolderAwareRequestFilter@cf984d9, org.springframework.security.web.authentication.AnonymousAuthenticationFilter@4cd5fc46, org.springframework.security.web.session.SessionManagementFilter@40863800, org.springframework.security.web.access.ExceptionTranslationFilter@13d984ee, org.springframework.security.web.access.intercept.FilterSecurityInterceptor@62158991]
20/02/2019 23:47:25 [INFO /main]: DirectJDKLog(173): Starting ProtocolHandler ["http-nio-auto-1"]
20/02/2019 23:47:25 [INFO /main]: TomcatWebServer(204): Tomcat started on port(s): 50439 (http) with context path ''
20/02/2019 23:47:25 [INFO /main]: StartupInfoLogger(59): Started CarrierRESTTest in 5.081 seconds (JVM running for 7.385)
20/02/2019 23:47:26 [INFO /http-nio-auto-1-exec-1]: DirectJDKLog(173): Initializing Spring DispatcherServlet 'dispatcherServlet'
20/02/2019 23:47:26 [INFO /http-nio-auto-1-exec-1]: FrameworkServlet(524): Initializing Servlet 'dispatcherServlet'
20/02/2019 23:47:26 [INFO /http-nio-auto-1-exec-1]: FrameworkServlet(546): Completed initialization in 26 ms
20/02/2019 23:47:26 [ERROR/http-nio-auto-1-exec-1]: JwtProvider(89): Invalid JWT -> Message: {} JWT String argument cannot be null or empty.
20/02/2019 23:47:27 [ERROR/http-nio-auto-1-exec-3]: JwtProvider(89): Invalid JWT -> Message: {} JWT String argument cannot be null or empty.
20/02/2019 23:47:28 [ERROR/http-nio-auto-1-exec-4]: JwtProvider(89): Invalid JWT -> Message: {} JWT String argument cannot be null or empty.
20/02/2019 23:47:29 [ERROR/http-nio-auto-1-exec-6]: JwtProvider(89): Invalid JWT -> Message: {} JWT String argument cannot be null or empty.
20/02/2019 23:47:30 [ERROR/http-nio-auto-1-exec-8]: JwtProvider(89): Invalid JWT -> Message: {} JWT String argument cannot be null or empty.
20/02/2019 23:47:31 [ERROR/http-nio-auto-1-exec-10]: JwtProvider(89): Invalid JWT -> Message: {} JWT String argument cannot be null or empty.
20/02/2019 23:47:32 [ERROR/http-nio-auto-1-exec-2]: JwtProvider(89): Invalid JWT -> Message: {} JWT String argument cannot be null or empty.
20/02/2019 23:47:33 [ERROR/http-nio-auto-1-exec-5]: JwtProvider(89): Invalid JWT -> Message: {} JWT String argument cannot be null or empty.
20/02/2019 23:47:34 [ERROR/http-nio-auto-1-exec-7]: JwtProvider(89): Invalid JWT -> Message: {} JWT String argument cannot be null or empty.
20/02/2019 23:47:34 [ERROR/http-nio-auto-1-exec-9]: JwtProvider(89): Invalid JWT -> Message: {} JWT String argument cannot be null or empty.
20/02/2019 23:47:35 [ERROR/http-nio-auto-1-exec-3]: JwtProvider(89): Invalid JWT -> Message: {} JWT String argument cannot be null or empty.
20/02/2019 23:47:36 [ERROR/http-nio-auto-1-exec-5]: JwtProvider(89): Invalid JWT -> Message: {} JWT String argument cannot be null or empty.
20/02/2019 23:47:37 [ERROR/http-nio-auto-1-exec-8]: JwtProvider(89): Invalid JWT -> Message: {} JWT String argument cannot be null or empty.
20/02/2019 23:47:38 [ERROR/http-nio-auto-1-exec-10]: JwtProvider(89): Invalid JWT -> Message: {} JWT String argument cannot be null or empty.
20/02/2019 23:47:38 [ERROR/http-nio-auto-1-exec-1]: JwtProvider(89): Invalid JWT -> Message: {} JWT String argument cannot be null or empty.
20/02/2019 23:47:39 [ERROR/http-nio-auto-1-exec-4]: JwtProvider(89): Invalid JWT -> Message: {} JWT String argument cannot be null or empty.
20/02/2019 23:47:40 [ERROR/http-nio-auto-1-exec-6]: JwtProvider(89): Invalid JWT -> Message: {} JWT String argument cannot be null or empty.
20/02/2019 23:47:41 [ERROR/http-nio-auto-1-exec-8]: JwtProvider(89): Invalid JWT -> Message: {} JWT String argument cannot be null or empty.
20/02/2019 23:47:42 [ERROR/http-nio-auto-1-exec-4]: JwtProvider(89): Invalid JWT -> Message: {} JWT String argument cannot be null or empty.
20/02/2019 23:47:42 [ERROR/http-nio-auto-1-exec-6]: JwtProvider(89): Invalid JWT -> Message: {} JWT String argument cannot be null or empty.
20/02/2019 23:47:43 [ERROR/http-nio-auto-1-exec-8]: JwtProvider(89): Invalid JWT -> Message: {} JWT String argument cannot be null or empty.
