15/02/2019 15:55:34 [INFO /main]: StartupInfoLogger(50): Starting BackendApplication v0.0.1-SNAPSHOT on DESKTOP-70LRIO7 with PID 8596 (D:\Netcracker\startreker-netcracker\backend\target\Startreker-Netcracker-v1.jar started by roman in D:\Netcracker\startreker-netcracker)
15/02/2019 15:55:34 [INFO /main]: SpringApplication(675): No active profile set, falling back to default profiles: default
15/02/2019 15:55:36 [INFO /main]: TomcatWebServer(90): Tomcat initialized with port(s): 8090 (http)
15/02/2019 15:55:36 [INFO /main]: DirectJDKLog(173): Initializing ProtocolHandler ["http-nio-8090"]
15/02/2019 15:55:36 [INFO /main]: DirectJDKLog(173): Starting service [Tomcat]
15/02/2019 15:55:36 [INFO /main]: DirectJDKLog(173): Starting Servlet engine: [Apache Tomcat/9.0.14]
15/02/2019 15:55:36 [INFO /main]: DirectJDKLog(173): The APR based Apache Tomcat Native library which allows optimal performance in production environments was not found on the java.library.path: [C:\Program Files\Java\jdk1.8.0_144\bin;C:\WINDOWS\Sun\Java\bin;C:\WINDOWS\system32;C:\WINDOWS;C:\oraclexe\app\oracle\product\11.2.0\server\bin;C:\Program Files\Microsoft MPI\Bin\;C:\ProgramData\Oracle\Java\javapath;C:\Gradle\gradle-4.1\bin;C:\Program Files\Java\jdk1.8.0_144\bin;C:\Program Files (x86)\Intel\iCLS Client\;C:\Program Files\Intel\iCLS Client\;C:\WINDOWS\system32;C:\WINDOWS;C:\WINDOWS\System32\Wbem;C:\WINDOWS\System32\WindowsPowerShell\v1.0\;C:\Program Files (x86)\Intel\Intel(R) Management Engine Components\DAL;C:\Program Files\Intel\Intel(R) Management Engine Components\DAL;C:\Program Files (x86)\Intel\Intel(R) Management Engine Components\IPT;C:\Program Files\Intel\Intel(R) Management Engine Components\IPT;C:\Users\roman\AppData\Local\Programs\Python\Python35\;C:\WINDOWS\system32\config\systemprofile\.dnx\bin;C:\Program Files\Microsoft DNX\Dnvm\;C:\Program Files\Microsoft SQL Server\130\Tools\Binn\;C:\Program Files\Intel\WiFi\bin\;C:\Program Files\Common Files\Intel\WirelessCommon\;C:\Program Files (x86)\Microsoft SQL Server\140\Tools\Binn\;C:\Program Files\Microsoft SQL Server\140\Tools\Binn\;C:\Program Files (x86)\Microsoft SQL Server\140\DTS\Binn\;C:\Program Files\Microsoft SQL Server\140\DTS\Binn\;C:\Program Files\Microsoft SQL Server\Client SDK\ODBC\130\Tools\Binn\;C:\Program Files (x86)\Microsoft SQL Server\Client SDK\ODBC\130\Tools\Binn\;C:\Program Files (x86)\Microsoft SQL Server\140\Tools\Binn\ManagementStudio\;C:\WINDOWS\System32\OpenSSH\;C:\Program Files\MATLAB\R2017a\runtime\win64;C:\Program Files\MATLAB\R2017a\bin;C:\Program Files\Putty;C:\Program Files\Git\cmd;C:\Program Files\nodejs\;C:\Program Files\Java\jdk1.8.0_144\bin;C:\Users\roman\AppData\Local\GitHubDesktop\bin;C:\Gradle\gradle-4.1\bin;C:\Users\roman\AppData\Local\Microsoft\WindowsApps;C:\Program Files\Putty;C:\Users\roman\AppData\Roaming\npm;.]
15/02/2019 15:55:36 [INFO /main]: DirectJDKLog(173): Initializing Spring embedded WebApplicationContext
15/02/2019 15:55:36 [INFO /main]: ServletWebServerApplicationContext(296): Root WebApplicationContext: initialization completed in 2770 ms
15/02/2019 15:55:37 [INFO /main]: ExecutorConfigurationSupport(171): Initializing ExecutorService 'applicationTaskExecutor'
15/02/2019 15:55:37 [INFO /main]: WelcomePageHandlerMapping(56): Adding welcome page: class path resource [resources/index.html]
15/02/2019 15:55:37 [INFO /main]: UserDetailsServiceAutoConfiguration(86): 

Using generated security password: 286cd179-4524-4f15-a39f-111fc7b55c4c

15/02/2019 15:55:38 [INFO /main]: DefaultSecurityFilterChain(43): Creating filter chain: any request, [org.springframework.security.web.context.request.async.WebAsyncManagerIntegrationFilter@291caca8, org.springframework.security.web.context.SecurityContextPersistenceFilter@43c1b556, org.springframework.security.web.header.HeaderWriterFilter@ae13544, org.springframework.security.web.csrf.CsrfFilter@6200f9cb, org.springframework.security.web.authentication.logout.LogoutFilter@6913c1fb, org.springframework.security.web.authentication.UsernamePasswordAuthenticationFilter@707194ba, org.springframework.security.web.authentication.ui.DefaultLoginPageGeneratingFilter@305b7c14, org.springframework.security.web.authentication.ui.DefaultLogoutPageGeneratingFilter@385e9564, org.springframework.security.web.authentication.www.BasicAuthenticationFilter@45b4c3a9, org.springframework.security.web.savedrequest.RequestCacheAwareFilter@22fcf7ab, org.springframework.security.web.servletapi.SecurityContextHolderAwareRequestFilter@4988d8b8, org.springframework.security.web.authentication.AnonymousAuthenticationFilter@5b94b04d, org.springframework.security.web.session.SessionManagementFilter@7dc0f706, org.springframework.security.web.access.ExceptionTranslationFilter@69453e37, org.springframework.security.web.access.intercept.FilterSecurityInterceptor@5aebe890]
15/02/2019 15:55:38 [INFO /main]: DirectJDKLog(173): Starting ProtocolHandler ["http-nio-8090"]
15/02/2019 15:55:38 [INFO /main]: TomcatWebServer(204): Tomcat started on port(s): 8090 (http) with context path ''
15/02/2019 15:55:38 [INFO /main]: StartupInfoLogger(59): Started BackendApplication in 4.83 seconds (JVM running for 6.296)
15/02/2019 15:55:49 [INFO /http-nio-8090-exec-1]: DirectJDKLog(173): Initializing Spring DispatcherServlet 'dispatcherServlet'
15/02/2019 15:55:49 [INFO /http-nio-8090-exec-1]: FrameworkServlet(524): Initializing Servlet 'dispatcherServlet'
15/02/2019 15:55:49 [INFO /http-nio-8090-exec-1]: FrameworkServlet(546): Completed initialization in 11 ms
