13/02/2019 18:21:41 [INFO /main]: StartupInfoLogger(50): Starting BackendApplication v0.0.1-SNAPSHOT on DESKTOP-70LRIO7 with PID 12852 (D:\Netcracker\startreker-netcracker\backend\target\Startreker-Netcracker-v1.jar started by roman in D:\Netcracker\startreker-netcracker)
13/02/2019 18:21:41 [INFO /main]: SpringApplication(675): No active profile set, falling back to default profiles: default
13/02/2019 18:21:51 [INFO /main]: TomcatWebServer(90): Tomcat initialized with port(s): 8090 (http)
13/02/2019 18:21:51 [INFO /main]: DirectJDKLog(173): Initializing ProtocolHandler ["http-nio-8090"]
13/02/2019 18:21:51 [INFO /main]: DirectJDKLog(173): Starting service [Tomcat]
13/02/2019 18:21:51 [INFO /main]: DirectJDKLog(173): Starting Servlet engine: [Apache Tomcat/9.0.14]
13/02/2019 18:21:51 [INFO /main]: DirectJDKLog(173): The APR based Apache Tomcat Native library which allows optimal performance in production environments was not found on the java.library.path: [C:\Program Files\Java\jdk1.8.0_144\bin;C:\WINDOWS\Sun\Java\bin;C:\WINDOWS\system32;C:\WINDOWS;C:\oraclexe\app\oracle\product\11.2.0\server\bin;C:\Program Files\Microsoft MPI\Bin\;C:\ProgramData\Oracle\Java\javapath;C:\Gradle\gradle-4.1\bin;C:\Program Files\Java\jdk1.8.0_144\bin;C:\Program Files (x86)\Intel\iCLS Client\;C:\Program Files\Intel\iCLS Client\;C:\WINDOWS\system32;C:\WINDOWS;C:\WINDOWS\System32\Wbem;C:\WINDOWS\System32\WindowsPowerShell\v1.0\;C:\Program Files (x86)\Intel\Intel(R) Management Engine Components\DAL;C:\Program Files\Intel\Intel(R) Management Engine Components\DAL;C:\Program Files (x86)\Intel\Intel(R) Management Engine Components\IPT;C:\Program Files\Intel\Intel(R) Management Engine Components\IPT;C:\Users\roman\AppData\Local\Programs\Python\Python35\;C:\WINDOWS\system32\config\systemprofile\.dnx\bin;C:\Program Files\Microsoft DNX\Dnvm\;C:\Program Files\Microsoft SQL Server\130\Tools\Binn\;C:\Program Files\Intel\WiFi\bin\;C:\Program Files\Common Files\Intel\WirelessCommon\;C:\Program Files (x86)\Microsoft SQL Server\140\Tools\Binn\;C:\Program Files\Microsoft SQL Server\140\Tools\Binn\;C:\Program Files (x86)\Microsoft SQL Server\140\DTS\Binn\;C:\Program Files\Microsoft SQL Server\140\DTS\Binn\;C:\Program Files\Microsoft SQL Server\Client SDK\ODBC\130\Tools\Binn\;C:\Program Files (x86)\Microsoft SQL Server\Client SDK\ODBC\130\Tools\Binn\;C:\Program Files (x86)\Microsoft SQL Server\140\Tools\Binn\ManagementStudio\;C:\WINDOWS\System32\OpenSSH\;C:\Program Files\MATLAB\R2017a\runtime\win64;C:\Program Files\MATLAB\R2017a\bin;C:\Program Files\Putty;C:\Program Files\Git\cmd;C:\Program Files\nodejs\;C:\Program Files\Java\jdk1.8.0_144\bin;C:\Users\roman\AppData\Local\GitHubDesktop\bin;C:\Gradle\gradle-4.1\bin;C:\Users\roman\AppData\Local\Microsoft\WindowsApps;C:\Program Files\Putty;C:\Users\roman\AppData\Roaming\npm;.]
13/02/2019 18:21:52 [INFO /main]: DirectJDKLog(173): Initializing Spring embedded WebApplicationContext
13/02/2019 18:21:52 [INFO /main]: ServletWebServerApplicationContext(296): Root WebApplicationContext: initialization completed in 10264 ms
13/02/2019 18:21:53 [INFO /main]: UserDetailsServiceAutoConfiguration(86): 

Using generated security password: e19d4c92-8e3c-4bf7-a162-37cbeca27a71

13/02/2019 18:21:54 [INFO /main]: DefaultSecurityFilterChain(43): Creating filter chain: any request, [org.springframework.security.web.context.request.async.WebAsyncManagerIntegrationFilter@3270d194, org.springframework.security.web.context.SecurityContextPersistenceFilter@3023df74, org.springframework.security.web.header.HeaderWriterFilter@18078bef, org.springframework.security.web.csrf.CsrfFilter@2a3b5b47, org.springframework.security.web.authentication.logout.LogoutFilter@34a3d150, org.springframework.security.web.savedrequest.RequestCacheAwareFilter@4562e04d, org.springframework.security.web.servletapi.SecurityContextHolderAwareRequestFilter@6302bbb1, org.springframework.security.web.authentication.AnonymousAuthenticationFilter@235834f2, org.springframework.security.web.session.SessionManagementFilter@4c371370, org.springframework.security.web.access.ExceptionTranslationFilter@35d019a3, org.springframework.security.web.access.intercept.FilterSecurityInterceptor@55141def]
13/02/2019 18:21:54 [INFO /main]: ExecutorConfigurationSupport(171): Initializing ExecutorService 'applicationTaskExecutor'
13/02/2019 18:21:54 [INFO /main]: WelcomePageHandlerMapping(56): Adding welcome page: class path resource [resources/index.html]
13/02/2019 18:21:55 [INFO /main]: DirectJDKLog(173): Starting ProtocolHandler ["http-nio-8090"]
13/02/2019 18:21:55 [INFO /main]: TomcatWebServer(204): Tomcat started on port(s): 8090 (http) with context path ''
13/02/2019 18:21:55 [INFO /main]: StartupInfoLogger(59): Started BackendApplication in 17.092 seconds (JVM running for 20.652)
13/02/2019 18:22:05 [INFO /http-nio-8090-exec-1]: DirectJDKLog(173): Initializing Spring DispatcherServlet 'dispatcherServlet'
13/02/2019 18:22:05 [INFO /http-nio-8090-exec-1]: FrameworkServlet(524): Initializing Servlet 'dispatcherServlet'
13/02/2019 18:22:05 [INFO /http-nio-8090-exec-1]: FrameworkServlet(546): Completed initialization in 8 ms
