13/02/2019 12:25:36 [INFO /main]: StartupInfoLogger(50): Starting BackendApplication v0.0.1-SNAPSHOT on DESKTOP-70LRIO7 with PID 1672 (D:\Netcracker\startreker-netcracker\backend\target\Startreker-Netcracker-v1.jar started by roman in D:\Netcracker\startreker-netcracker)
13/02/2019 12:25:36 [INFO /main]: SpringApplication(675): No active profile set, falling back to default profiles: default
13/02/2019 12:25:39 [INFO /main]: TomcatWebServer(90): Tomcat initialized with port(s): 8090 (http)
13/02/2019 12:25:39 [INFO /main]: DirectJDKLog(173): Initializing ProtocolHandler ["http-nio-8090"]
13/02/2019 12:25:39 [INFO /main]: DirectJDKLog(173): Starting service [Tomcat]
13/02/2019 12:25:39 [INFO /main]: DirectJDKLog(173): Starting Servlet engine: [Apache Tomcat/9.0.14]
13/02/2019 12:25:39 [INFO /main]: DirectJDKLog(173): The APR based Apache Tomcat Native library which allows optimal performance in production environments was not found on the java.library.path: [C:\Program Files\Java\jdk1.8.0_144\bin;C:\WINDOWS\Sun\Java\bin;C:\WINDOWS\system32;C:\WINDOWS;C:\oraclexe\app\oracle\product\11.2.0\server\bin;C:\Program Files\Microsoft MPI\Bin\;C:\ProgramData\Oracle\Java\javapath;C:\Gradle\gradle-4.1\bin;C:\Program Files\Java\jdk1.8.0_144\bin;C:\Program Files (x86)\Intel\iCLS Client\;C:\Program Files\Intel\iCLS Client\;C:\WINDOWS\system32;C:\WINDOWS;C:\WINDOWS\System32\Wbem;C:\WINDOWS\System32\WindowsPowerShell\v1.0\;C:\Program Files (x86)\Intel\Intel(R) Management Engine Components\DAL;C:\Program Files\Intel\Intel(R) Management Engine Components\DAL;C:\Program Files (x86)\Intel\Intel(R) Management Engine Components\IPT;C:\Program Files\Intel\Intel(R) Management Engine Components\IPT;C:\Users\roman\AppData\Local\Programs\Python\Python35\;C:\Users\roman\.dnx\bin;C:\Program Files\Microsoft DNX\Dnvm\;C:\Program Files\Microsoft SQL Server\130\Tools\Binn\;C:\Program Files\Intel\WiFi\bin\;C:\Program Files\Common Files\Intel\WirelessCommon\;C:\Program Files (x86)\Microsoft SQL Server\140\Tools\Binn\;C:\Program Files\Microsoft SQL Server\140\Tools\Binn\;C:\Program Files (x86)\Microsoft SQL Server\140\DTS\Binn\;C:\Program Files\Microsoft SQL Server\140\DTS\Binn\;C:\Program Files\Microsoft SQL Server\Client SDK\ODBC\130\Tools\Binn\;C:\Program Files (x86)\Microsoft SQL Server\Client SDK\ODBC\130\Tools\Binn\;C:\Program Files (x86)\Microsoft SQL Server\140\Tools\Binn\ManagementStudio\;C:\WINDOWS\System32\OpenSSH\;C:\Program Files\MATLAB\R2017a\runtime\win64;C:\Program Files\MATLAB\R2017a\bin;C:\Program Files\Putty;C:\Program Files\Git\cmd;C:\Program Files\nodejs\;C:\Program Files\Java\jdk1.8.0_144\bin;C:\Users\roman\AppData\Local\GitHubDesktop\bin;C:\Gradle\gradle-4.1\bin;C:\Users\roman\AppData\Local\Microsoft\WindowsApps;C:\Program Files\Putty;C:\Users\roman\AppData\Roaming\npm;.]
13/02/2019 12:25:39 [INFO /main]: DirectJDKLog(173): Initializing Spring embedded WebApplicationContext
13/02/2019 12:25:39 [INFO /main]: ServletWebServerApplicationContext(296): Root WebApplicationContext: initialization completed in 2949 ms
13/02/2019 12:25:39 [INFO /main]: UserDetailsServiceAutoConfiguration(86): 

Using generated security password: 6422c042-ec46-49ea-9b75-5a051a140941

13/02/2019 12:25:39 [INFO /main]: DefaultSecurityFilterChain(43): Creating filter chain: any request, [org.springframework.security.web.context.request.async.WebAsyncManagerIntegrationFilter@235834f2, org.springframework.security.web.context.SecurityContextPersistenceFilter@313ac989, org.springframework.security.web.header.HeaderWriterFilter@799f10e1, org.springframework.security.web.csrf.CsrfFilter@55b699ef, org.springframework.security.web.authentication.logout.LogoutFilter@2a4fb17b, org.springframework.security.web.savedrequest.RequestCacheAwareFilter@2a65fe7c, org.springframework.security.web.servletapi.SecurityContextHolderAwareRequestFilter@31304f14, org.springframework.security.web.authentication.AnonymousAuthenticationFilter@5656be13, org.springframework.security.web.session.SessionManagementFilter@145f66e3, org.springframework.security.web.access.ExceptionTranslationFilter@689604d9, org.springframework.security.web.access.intercept.FilterSecurityInterceptor@55182842]
13/02/2019 12:25:40 [INFO /main]: ExecutorConfigurationSupport(171): Initializing ExecutorService 'applicationTaskExecutor'
13/02/2019 12:25:40 [INFO /main]: WelcomePageHandlerMapping(56): Adding welcome page: class path resource [resources/index.html]
13/02/2019 12:25:40 [INFO /main]: DirectJDKLog(173): Starting ProtocolHandler ["http-nio-8090"]
13/02/2019 12:25:40 [INFO /main]: TomcatWebServer(204): Tomcat started on port(s): 8090 (http) with context path ''
13/02/2019 12:25:40 [INFO /main]: StartupInfoLogger(59): Started BackendApplication in 4.78 seconds (JVM running for 6.22)
13/02/2019 12:26:04 [INFO /http-nio-8090-exec-1]: DirectJDKLog(173): Initializing Spring DispatcherServlet 'dispatcherServlet'
13/02/2019 12:26:04 [INFO /http-nio-8090-exec-1]: FrameworkServlet(524): Initializing Servlet 'dispatcherServlet'
13/02/2019 12:26:04 [INFO /http-nio-8090-exec-1]: FrameworkServlet(546): Completed initialization in 12 ms
