10/02/2019 08:29:54 [INFO /main]: StartupInfoLogger(50): Starting BackendApplication v0.0.1-SNAPSHOT on DESKTOP-GH212MN with PID 10672 (D:\startreker-netcracker\backend\target\backend-0.0.1-SNAPSHOT.jar started by evgen in D:\startreker-netcracker)
10/02/2019 08:29:54 [INFO /main]: SpringApplication(675): No active profile set, falling back to default profiles: default
10/02/2019 08:29:56 [INFO /main]: TomcatWebServer(90): Tomcat initialized with port(s): 8090 (http)
10/02/2019 08:29:56 [INFO /main]: DirectJDKLog(173): Initializing ProtocolHandler ["http-nio-8090"]
10/02/2019 08:29:56 [INFO /main]: DirectJDKLog(173): Starting service [Tomcat]
10/02/2019 08:29:56 [INFO /main]: DirectJDKLog(173): Starting Servlet engine: [Apache Tomcat/9.0.14]
10/02/2019 08:29:56 [INFO /main]: DirectJDKLog(173): The APR based Apache Tomcat Native library which allows optimal performance in production environments was not found on the java.library.path: [C:\Program Files (x86)\Common Files\Oracle\Java\javapath;C:\WINDOWS\Sun\Java\bin;C:\WINDOWS\system32;C:\WINDOWS;C:\oraclexe\OracleDb\app\oracle\product\11.2.0\server\bin;;D:\oraclexe\app\oracle\product\11.2.0\server\bin;C:\Program Files (x86)\Intel\iCLS Client\;C:\Program Files\Intel\iCLS Client\;C:\Program Files (x86)\Common Files\Oracle\Java\javapath;C:\WINDOWS\system32;C:\WINDOWS;C:\WINDOWS\System32\Wbem;C:\WINDOWS\System32\WindowsPowerShell\v1.0\;c:\Program Files\Java\jdk-10.0.1\bin;C:\Program Files (x86)\Intel\Intel(R) Management Engine Components\DAL;C:\Program Files\Intel\Intel(R) Management Engine Components\DAL;C:\Program Files (x86)\Intel\Intel(R) Management Engine Components\IPT;C:\Program Files\Intel\Intel(R) Management Engine Components\IPT;C:\WINDOWS\System32\OpenSSH\;C:\Program Files\Git\cmd;%JUNIT_HOME%\c:\Users\evgen\.m2\repository\junit\junit\4.12\;C:\Program Files\nodejs\;C:\Ruby25-x64\bin;C:\Users\evgen\AppData\Local\Microsoft\WindowsApps;c:\Program Files\apache-maven-3.6.0-bin\apache-maven-3.6.0\bin\;C:\Users\evgen\AppData\Roaming\npm;.]
10/02/2019 08:29:56 [INFO /main]: DirectJDKLog(173): Initializing Spring embedded WebApplicationContext
10/02/2019 08:29:56 [INFO /main]: ServletWebServerApplicationContext(296): Root WebApplicationContext: initialization completed in 2082 ms
10/02/2019 08:29:57 [INFO /main]: ExecutorConfigurationSupport(171): Initializing ExecutorService 'applicationTaskExecutor'
10/02/2019 08:29:57 [INFO /main]: WelcomePageHandlerMapping(56): Adding welcome page: class path resource [resources/index.html]
10/02/2019 08:29:57 [INFO /main]: UserDetailsServiceAutoConfiguration(86): 

Using generated security password: 768cc515-3314-4d69-8a01-a035728d2885

10/02/2019 08:29:57 [INFO /main]: DefaultSecurityFilterChain(43): Creating filter chain: any request, [org.springframework.security.web.context.request.async.WebAsyncManagerIntegrationFilter@4482469c, org.springframework.security.web.context.SecurityContextPersistenceFilter@57bd802b, org.springframework.security.web.header.HeaderWriterFilter@75f2099, org.springframework.security.web.csrf.CsrfFilter@38499e48, org.springframework.security.web.authentication.logout.LogoutFilter@11653e3b, org.springframework.security.web.authentication.UsernamePasswordAuthenticationFilter@588ffeb, org.springframework.security.web.authentication.ui.DefaultLoginPageGeneratingFilter@68e62ca4, org.springframework.security.web.authentication.ui.DefaultLogoutPageGeneratingFilter@3703bf3c, org.springframework.security.web.authentication.www.BasicAuthenticationFilter@baf1bb3, org.springframework.security.web.savedrequest.RequestCacheAwareFilter@2c779e5, org.springframework.security.web.servletapi.SecurityContextHolderAwareRequestFilter@27068a50, org.springframework.security.web.authentication.AnonymousAuthenticationFilter@34cf5a97, org.springframework.security.web.session.SessionManagementFilter@6d467c87, org.springframework.security.web.access.ExceptionTranslationFilter@286b39c2, org.springframework.security.web.access.intercept.FilterSecurityInterceptor@71a3a190]
10/02/2019 08:29:57 [INFO /main]: DirectJDKLog(173): Starting ProtocolHandler ["http-nio-8090"]
10/02/2019 08:29:58 [INFO /main]: TomcatWebServer(204): Tomcat started on port(s): 8090 (http) with context path ''
10/02/2019 08:29:58 [INFO /main]: StartupInfoLogger(59): Started BackendApplication in 3.938 seconds (JVM running for 5.475)
10/02/2019 08:30:04 [INFO /http-nio-8090-exec-1]: DirectJDKLog(173): Initializing Spring DispatcherServlet 'dispatcherServlet'
10/02/2019 08:30:04 [INFO /http-nio-8090-exec-1]: FrameworkServlet(524): Initializing Servlet 'dispatcherServlet'
10/02/2019 08:30:04 [INFO /http-nio-8090-exec-1]: FrameworkServlet(546): Completed initialization in 12 ms
